-------------------------------------------------------------------------------
Test set: com.gb.market.MarketApplicationTests
-------------------------------------------------------------------------------
Tests run: 1, Failures: 0, Errors: 1, Skipped: 0, Time elapsed: 6.192 s <<< FAILURE! - in com.gb.market.MarketApplicationTests
contextLoads  Time elapsed: 0.001 s  <<< ERROR!
java.lang.IllegalStateException: Failed to load ApplicationContext
Caused by: org.springframework.beans.factory.UnsatisfiedDependencyException: Error creating bean with name 'shoppingCartAspect': Unsatisfied dependency expressed through field 'сartService'; nested exception is org.springframework.beans.factory.UnsatisfiedDependencyException: Error creating bean with name 'сartService': Unsatisfied dependency expressed through field 'productService'; nested exception is org.springframework.beans.factory.BeanCreationException: Error creating bean with name 'productService' defined in file [C:\Users\Роман\Documents\JAVA_Spring\market\target\classes\com\gb\market\services\ProductService.class]: Initialization of bean failed; nested exception is org.springframework.aop.framework.AopConfigException: Unexpected AOP exception; nested exception is java.lang.IllegalStateException: Unable to load cache item
Caused by: org.springframework.beans.factory.UnsatisfiedDependencyException: Error creating bean with name 'сartService': Unsatisfied dependency expressed through field 'productService'; nested exception is org.springframework.beans.factory.BeanCreationException: Error creating bean with name 'productService' defined in file [C:\Users\Роман\Documents\JAVA_Spring\market\target\classes\com\gb\market\services\ProductService.class]: Initialization of bean failed; nested exception is org.springframework.aop.framework.AopConfigException: Unexpected AOP exception; nested exception is java.lang.IllegalStateException: Unable to load cache item
Caused by: org.springframework.beans.factory.BeanCreationException: Error creating bean with name 'productService' defined in file [C:\Users\Роман\Documents\JAVA_Spring\market\target\classes\com\gb\market\services\ProductService.class]: Initialization of bean failed; nested exception is org.springframework.aop.framework.AopConfigException: Unexpected AOP exception; nested exception is java.lang.IllegalStateException: Unable to load cache item
Caused by: org.springframework.aop.framework.AopConfigException: Unexpected AOP exception; nested exception is java.lang.IllegalStateException: Unable to load cache item
Caused by: java.lang.IllegalStateException: Unable to load cache item
Caused by: java.lang.VerifyError: 
Stack map does not match the one at exception handler 9
Exception Details:
  Location:
    com/gb/market/services/ProductService$$EnhancerBySpringCGLIB$$dad701e4.<init>()V @9: athrow
  Reason:
    Current frame's flags are not assignable to stack map frame's.
  Current Frame:
    bci: @0
    flags: { flagThisUninit }
    locals: { uninitializedThis }
    stack: { 'java/lang/RuntimeException' }
  Stackmap Frame:
    bci: @9
    flags: { }
    locals: { }
    stack: { 'java/lang/Throwable' }
  Bytecode:
    0x0000000: 2a59 b701 84b8 0038 b1bf bb00 525a 5fb7
    0x0000010: 0055 bf                                
  Exception Handler Table:
    bci [0, 9] => handler: 9
    bci [0, 9] => handler: 9
    bci [0, 9] => handler: 10
  Stackmap Table:
    full_frame(@9,{},{Object[#80]})
    same_locals_1_stack_item_frame(@10,Object[#80])


